# JRE version: Java(TM) SE Runtime Environment (8.0_191-b12) (build 1.8.0_191-b12)
# Java VM: Java HotSpot(TM) 64-Bit Server VM (25.191-b12 mixed mode windows-amd64 compressed oops)
Heap:
 PSYoungGen      total 331776K, used 76781K [0x00000000e0000000, 0x00000000f6400000, 0x0000000100000000)
  eden space 306688K, 19% used [0x00000000e0000000,0x00000000e398d3b8,0x00000000f2b80000)
  from space 25088K, 71% used [0x00000000f4500000,0x00000000f566e138,0x00000000f5d80000)
  to   space 26112K, 0% used [0x00000000f2b80000,0x00000000f2b80000,0x00000000f4500000)
 ParOldGen       total 143360K, used 38706K [0x00000000a0000000, 0x00000000a8c00000, 0x00000000e0000000)
  object space 143360K, 26% used [0x00000000a0000000,0x00000000a25ccb10,0x00000000a8c00000)
 Metaspace       used 69477K, capacity 72512K, committed 72664K, reserved 1112064K
  class space    used 9214K, capacity 9904K, committed 9984K, reserved 1048576K
GC Heap History (10 events):
Event: 21.436 GC heap before
{Heap before GC invocations=13 (full 2):
 PSYoungGen      total 216576K, used 43581K [0x00000000e0000000, 0x00000000ef280000, 0x0000000100000000)
  eden space 199168K, 13% used [0x00000000e0000000,0x00000000e198f5e8,0x00000000ec280000)
  from space 17408K, 99% used [0x00000000ed880000,0x00000000ee97fea0,0x00000000ee980000)
  to   space 22528K, 0% used [0x00000000ec280000,0x00000000ec280000,0x00000000ed880000)
 ParOldGen       total 92160K, used 27720K [0x00000000a0000000, 0x00000000a5a00000, 0x00000000e0000000)
  object space 92160K, 30% used [0x00000000a0000000,0x00000000a1b12118,0x00000000a5a00000)
 Metaspace       used 57320K, capacity 59022K, committed 59096K, reserved 1099776K
  class space    used 7976K, capacity 8425K, committed 8448K, reserved 1048576K
Event: 21.493 GC heap after
Heap after GC invocations=13 (full 2):
 PSYoungGen      total 221696K, used 3064K [0x00000000e0000000, 0x00000000f3580000, 0x0000000100000000)
  eden space 199168K, 0% used [0x00000000e0000000,0x00000000e0000000,0x00000000ec280000)
  from space 22528K, 13% used [0x00000000ec280000,0x00000000ec57e0f0,0x00000000ed880000)
  to   space 22528K, 0% used [0x00000000f1f80000,0x00000000f1f80000,0x00000000f3580000)
 ParOldGen       total 92160K, used 45119K [0x00000000a0000000, 0x00000000a5a00000, 0x00000000e0000000)
  object space 92160K, 48% used [0x00000000a0000000,0x00000000a2c0fc90,0x00000000a5a00000)
 Metaspace       used 57320K, capacity 59022K, committed 59096K, reserved 1099776K
  class space    used 7976K, capacity 8425K, committed 8448K, reserved 1048576K
}
Event: 21.493 GC heap before
{Heap before GC invocations=14 (full 3):
 PSYoungGen      total 221696K, used 3064K [0x00000000e0000000, 0x00000000f3580000, 0x0000000100000000)
  eden space 199168K, 0% used [0x00000000e0000000,0x00000000e0000000,0x00000000ec280000)
  from space 22528K, 13% used [0x00000000ec280000,0x00000000ec57e0f0,0x00000000ed880000)
  to   space 22528K, 0% used [0x00000000f1f80000,0x00000000f1f80000,0x00000000f3580000)
 ParOldGen       total 92160K, used 45119K [0x00000000a0000000, 0x00000000a5a00000, 0x00000000e0000000)
  object space 92160K, 48% used [0x00000000a0000000,0x00000000a2c0fc90,0x00000000a5a00000)
 Metaspace       used 57320K, capacity 59022K, committed 59096K, reserved 1099776K
  class space    used 7976K, capacity 8425K, committed 8448K, reserved 1048576K
Event: 22.082 GC heap after
Heap after GC invocations=14 (full 3):
 PSYoungGen      total 221696K, used 0K [0x00000000e0000000, 0x00000000f3580000, 0x0000000100000000)
  eden space 199168K, 0% used [0x00000000e0000000,0x00000000e0000000,0x00000000ec280000)
  from space 22528K, 0% used [0x00000000ec280000,0x00000000ec280000,0x00000000ed880000)
  to   space 22528K, 0% used [0x00000000f1f80000,0x00000000f1f80000,0x00000000f3580000)
 ParOldGen       total 143360K, used 38682K [0x00000000a0000000, 0x00000000a8c00000, 0x00000000e0000000)
  object space 143360K, 26% used [0x00000000a0000000,0x00000000a25c6b10,0x00000000a8c00000)
 Metaspace       used 57320K, capacity 59022K, committed 59096K, reserved 1099776K
  class space    used 7976K, capacity 8425K, committed 8448K, reserved 1048576K
}
Event: 38.278 GC heap before
{Heap before GC invocations=15 (full 3):
 PSYoungGen      total 221696K, used 199168K [0x00000000e0000000, 0x00000000f3580000, 0x0000000100000000)
  eden space 199168K, 100% used [0x00000000e0000000,0x00000000ec280000,0x00000000ec280000)
  from space 22528K, 0% used [0x00000000ec280000,0x00000000ec280000,0x00000000ed880000)
  to   space 22528K, 0% used [0x00000000f1f80000,0x00000000f1f80000,0x00000000f3580000)
 ParOldGen       total 143360K, used 38682K [0x00000000a0000000, 0x00000000a8c00000, 0x00000000e0000000)
  object space 143360K, 26% used [0x00000000a0000000,0x00000000a25c6b10,0x00000000a8c00000)
 Metaspace       used 63089K, capacity 65318K, committed 65496K, reserved 1105920K
  class space    used 8589K, capacity 9103K, committed 9216K, reserved 1048576K
Event: 38.339 GC heap after
Heap after GC invocations=15 (full 3):
 PSYoungGen      total 267776K, used 15589K [0x00000000e0000000, 0x00000000f2f00000, 0x0000000100000000)
  eden space 251904K, 0% used [0x00000000e0000000,0x00000000e0000000,0x00000000ef600000)
  from space 15872K, 98% used [0x00000000f1f80000,0x00000000f2eb95d8,0x00000000f2f00000)
  to   space 23552K, 0% used [0x00000000f0100000,0x00000000f0100000,0x00000000f1800000)
 ParOldGen       total 143360K, used 38690K [0x00000000a0000000, 0x00000000a8c00000, 0x00000000e0000000)
  object space 143360K, 26% used [0x00000000a0000000,0x00000000a25c8b10,0x00000000a8c00000)
 Metaspace       used 63089K, capacity 65318K, committed 65496K, reserved 1105920K
  class space    used 8589K, capacity 9103K, committed 9216K, reserved 1048576K
}
Event: 226.543 GC heap before
{Heap before GC invocations=16 (full 3):
 PSYoungGen      total 267776K, used 267493K [0x00000000e0000000, 0x00000000f2f00000, 0x0000000100000000)
  eden space 251904K, 100% used [0x00000000e0000000,0x00000000ef600000,0x00000000ef600000)
  from space 15872K, 98% used [0x00000000f1f80000,0x00000000f2eb95d8,0x00000000f2f00000)
  to   space 23552K, 0% used [0x00000000f0100000,0x00000000f0100000,0x00000000f1800000)
 ParOldGen       total 143360K, used 38690K [0x00000000a0000000, 0x00000000a8c00000, 0x00000000e0000000)
  object space 143360K, 26% used [0x00000000a0000000,0x00000000a25c8b10,0x00000000a8c00000)
 Metaspace       used 67689K, capacity 70250K, committed 70360K, reserved 1110016K
  class space    used 9038K, capacity 9645K, committed 9728K, reserved 1048576K
Event: 226.594 GC heap after
Heap after GC invocations=16 (full 3):
 PSYoungGen      total 286720K, used 18082K [0x00000000e0000000, 0x00000000f5d80000, 0x0000000100000000)
  eden space 263168K, 0% used [0x00000000e0000000,0x00000000e0000000,0x00000000f0100000)
  from space 23552K, 76% used [0x00000000f0100000,0x00000000f12a8af0,0x00000000f1800000)
  to   space 25088K, 0% used [0x00000000f4500000,0x00000000f4500000,0x00000000f5d80000)
 ParOldGen       total 143360K, used 38698K [0x00000000a0000000, 0x00000000a8c00000, 0x00000000e0000000)
  object space 143360K, 26% used [0x00000000a0000000,0x00000000a25cab10,0x00000000a8c00000)
 Metaspace       used 67689K, capacity 70250K, committed 70360K, reserved 1110016K
  class space    used 9038K, capacity 9645K, committed 9728K, reserved 1048576K
}
Event: 253.694 GC heap before
{Heap before GC invocations=17 (full 3):
 PSYoungGen      total 286720K, used 281250K [0x00000000e0000000, 0x00000000f5d80000, 0x0000000100000000)
  eden space 263168K, 100% used [0x00000000e0000000,0x00000000f0100000,0x00000000f0100000)
  from space 23552K, 76% used [0x00000000f0100000,0x00000000f12a8af0,0x00000000f1800000)
  to   space 25088K, 0% used [0x00000000f4500000,0x00000000f4500000,0x00000000f5d80000)
 ParOldGen       total 143360K, used 38698K [0x00000000a0000000, 0x00000000a8c00000, 0x00000000e0000000)
  object space 143360K, 26% used [0x00000000a0000000,0x00000000a25cab10,0x00000000a8c00000)
 Metaspace       used 68679K, capacity 71450K, committed 71768K, reserved 1112064K
  class space    used 9116K, capacity 9751K, committed 9856K, reserved 1048576K
Event: 253.733 GC heap after
Heap after GC invocations=17 (full 3):
 PSYoungGen      total 331776K, used 17848K [0x00000000e0000000, 0x00000000f6400000, 0x0000000100000000)
  eden space 306688K, 0% used [0x00000000e0000000,0x00000000e0000000,0x00000000f2b80000)
  from space 25088K, 71% used [0x00000000f4500000,0x00000000f566e138,0x00000000f5d80000)
  to   space 26112K, 0% used [0x00000000f2b80000,0x00000000f2b80000,0x00000000f4500000)
 ParOldGen       total 143360K, used 38706K [0x00000000a0000000, 0x00000000a8c00000, 0x00000000e0000000)
  object space 143360K, 26% used [0x00000000a0000000,0x00000000a25ccb10,0x00000000a8c00000)
 Metaspace       used 68679K, capacity 71450K, committed 71768K, reserved 1112064K
  class space    used 9116K, capacity 9751K, committed 9856K, reserved 1048576K
}

